Arguments: 
  C:\Program Files\nodejs\node.exe C:\Users\iota\AppData\Roaming\npm\node_modules\yarn\bin\yarn.js add moment.js

PATH: 
  C:\Program Files\Python39\Scripts\;C:\Program Files\Python39\;C:\WINDOWS\System32\WindowsPowerShell\v1.0\;C:\Users\iota\Downloads\vendor\git-for-windows\bin;C:\Windows\System32\WindowsPowerShell\v1.0;C:\WINDOWS\System32\OpenSSH\;C:\Program Files\R\R-4.0.3\bin\x64;C:\WINDOWS\System32\Wbem;C:\WINDOWS\system32;C:\Program Files\nodejs;C:\MinGW\bin\gcc;C:\MinGW\bin\g++;C:\WINDOWS;C:\Program Files\nodejs\;C:\Program Files\dotnet\;C:\Program Files\mingw-w64\x86_64-8.1.0-posix-seh-rt_v6-rev0\mingw64\bin;C:\Users\iota\AppData\Local\Programs\Microsoft VS Code\bin;C:\Users\iota\AppData\Local\Microsoft\WindowsApps;C:\Users\iota\AppData\Local\Microsoft\WindowsApps;C:\Users\iota\Downloads\vendor\git-for-windows\bin;C:\Windows\System32\WindowsPowerShell\v1.0;C:\Program Files\R\R-4.0.3\bin\x64;C:\Program Files\heroku\bin;C:\Program Files\nodejs;C:\MinGW\bin\g++;C:\MinGW\bin\gcc;C:\Program Files\Python39\Scripts\;C:\Program Files\Python39\;C:\Users\iota\AppData\Local\GitHubDesktop\bin;C:\Users\iota\AppData\Roaming\npm

Yarn version: 
  1.22.10

Node version: 
  16.0.0

Platform: 
  win32 x64

Trace: 
  Error: https://registry.yarnpkg.com/moment.js: Not found
      at Request.params.callback [as _callback] (C:\Users\iota\AppData\Roaming\npm\node_modules\yarn\lib\cli.js:66988:18)
      at Request.self.callback (C:\Users\iota\AppData\Roaming\npm\node_modules\yarn\lib\cli.js:140662:22)
      at Request.emit (node:events:365:28)
      at Request.<anonymous> (C:\Users\iota\AppData\Roaming\npm\node_modules\yarn\lib\cli.js:141634:10)
      at Request.emit (node:events:365:28)
      at IncomingMessage.<anonymous> (C:\Users\iota\AppData\Roaming\npm\node_modules\yarn\lib\cli.js:141556:12)
      at Object.onceWrapper (node:events:471:28)
      at IncomingMessage.emit (node:events:377:35)
      at endReadableNT (node:internal/streams/readable:1312:12)
      at processTicksAndRejections (node:internal/process/task_queues:83:21)

npm manifest: 
  {
    "dependencies": {
      "react-toastify": "^7.0.4"
    }
  }

yarn manifest: 
  No manifest

Lockfile: 
  # THIS IS AN AUTOGENERATED FILE. DO NOT EDIT THIS FILE DIRECTLY.
  # yarn lockfile v1
  
  
  clsx@^1.1.1:
    version "1.1.1"
    resolved "https://registry.yarnpkg.com/clsx/-/clsx-1.1.1.tgz#98b3134f9abbdf23b2663491ace13c5c03a73188"
    integrity sha512-6/bPho624p3S2pMyvP5kKBPXnI3ufHLObBFCfgx+LkeR5lg2XYy2hqZqUf45ypD8COn2bhgGJSUE+l5dhNBieA==
  
  react-toastify@^7.0.4:
    version "7.0.4"
    resolved "https://registry.yarnpkg.com/react-toastify/-/react-toastify-7.0.4.tgz#7d0b743f2b96f65754264ca6eae31911a82378db"
    integrity sha512-Rol7+Cn39hZp5hQ/k6CbMNE2CKYV9E5OQdC/hBLtIQU2xz7DdAm7xil4NITQTHR6zEbE5RVFbpgSwTD7xRGLeQ==
    dependencies:
      clsx "^1.1.1"
